生成启动时间为 2020/10/29 17:53:26。
     1>项目“F:\那是还不错的比特啊\github\C++\C-\2020_10_29\2020_10_29\2020_10_29.vcxproj”在节点 2 上(Rebuild 个目标)。
     1>ClCompile:
         D:\vs 2013\VC\bin\CL.exe /c /ZI /nologo /W3 /WX- /sdl /Od /Oy- /D _MBCS /Gm /EHsc /RTC1 /MDd /GS /fp:precise /Zc:wchar_t /Zc:forScope /Fo"Debug\\" /Fd"Debug\vc120.pdb" /Gd /TP /analyze- /errorReport:prompt test.cpp
         test.cpp
     1>f:\那是还不错的比特啊\github\c++\c-\2020_10_29\2020_10_29\test.cpp(68): error C2065: “pt”: 未声明的标识符
     1>f:\那是还不错的比特啊\github\c++\c-\2020_10_29\2020_10_29\test.cpp(68): error C2059: 语法错误:“)”
     1>f:\那是还不错的比特啊\github\c++\c-\2020_10_29\2020_10_29\test.cpp(70): error C2065: “pt”: 未声明的标识符
     1>f:\那是还不错的比特啊\github\c++\c-\2020_10_29\2020_10_29\test.cpp(70): error C2061: 语法错误: 标识符“Test”
     1>已完成生成项目“F:\那是还不错的比特啊\github\C++\C-\2020_10_29\2020_10_29\2020_10_29.vcxproj”(Rebuild 个目标)的操作 - 失败。

生成失败。

已用时间 00:00:00.48
